<?xml version="1.0" encoding="UTF-8"?>
<testsuite name="Add Customer Test"
           tests="4"
           failures="0"
           errors="0"
           skipped="1"
           time="6,745">
  <properties />
  
            <testcase name="addCustomerTest" time="0.0" classname="testcases.AddCustomerTest">
          <skipped />
    </testcase>
  
            <testcase name="addCustomerTest" time="2,427" classname="testcases.AddCustomerTest" />
                <testcase name="addCustomerTest" time="2,158" classname="testcases.AddCustomerTest" />
                <testcase name="addCustomerTest" time="2,160" classname="testcases.AddCustomerTest" />
      
</testsuite>
